# JRE version: Java(TM) SE Runtime Environment (17.0.10+11) (build 17.0.10+11-LTS-240)
# Java VM: Java HotSpot(TM) 64-Bit Server VM (17.0.10+11-LTS-240, mixed mode, sharing, tiered, compressed oops, compressed class ptrs, g1 gc, windows-amd64)
GC Precious Log:
 CPUs: 12 total, 12 available
 Memory: 7561M
 Large Page Support: Disabled
 NUMA Support: Disabled
 Compressed Oops: Enabled (32-bit)
 Heap Region Size: 1M
 Heap Min Capacity: 8M
 Heap Initial Capacity: 120M
 Heap Max Capacity: 1892M
 Pre-touch: Disabled
 Parallel Workers: 10
 Concurrent Workers: 3
 Concurrent Refinement Workers: 10
 Periodic GC: Disabled
Heap:
 garbage-first heap   total 242688K, used 74113K [0x0000000089c00000, 0x0000000100000000)
  region size 1024K, 12 young (12288K), 8 survivors (8192K)
 Metaspace       used 36255K, committed 36608K, reserved 1114112K
  class space    used 4092K, committed 4288K, reserved 1048576K
GC Heap History (20 events):
Event: 3.687 GC heap before
{Heap before GC invocations=1 (full 0):
 garbage-first heap   total 122880K, used 33416K [0x0000000089c00000, 0x0000000100000000)
  region size 1024K, 32 young (32768K), 3 survivors (3072K)
 Metaspace       used 9315K, committed 9536K, reserved 1114112K
  class space    used 1114K, committed 1216K, reserved 1048576K
}
Event: 3.703 GC heap after
{Heap after GC invocations=2 (full 0):
 garbage-first heap   total 122880K, used 5449K [0x0000000089c00000, 0x0000000100000000)
  region size 1024K, 2 young (2048K), 2 survivors (2048K)
 Metaspace       used 9315K, committed 9536K, reserved 1114112K
  class space    used 1114K, committed 1216K, reserved 1048576K
}
Event: 7.167 GC heap before
{Heap before GC invocations=2 (full 0):
 garbage-first heap   total 122880K, used 77129K [0x0000000089c00000, 0x0000000100000000)
  region size 1024K, 72 young (73728K), 2 survivors (2048K)
 Metaspace       used 15877K, committed 16064K, reserved 1114112K
  class space    used 1882K, committed 1984K, reserved 1048576K
}
Event: 7.200 GC heap after
{Heap after GC invocations=3 (full 0):
 garbage-first heap   total 122880K, used 13057K [0x0000000089c00000, 0x0000000100000000)
  region size 1024K, 9 young (9216K), 9 survivors (9216K)
 Metaspace       used 15877K, committed 16064K, reserved 1114112K
  class space    used 1882K, committed 1984K, reserved 1048576K
}
Event: 8.985 GC heap before
{Heap before GC invocations=3 (full 0):
 garbage-first heap   total 122880K, used 77569K [0x0000000089c00000, 0x0000000100000000)
  region size 1024K, 72 young (73728K), 9 survivors (9216K)
 Metaspace       used 16522K, committed 16768K, reserved 1114112K
  class space    used 1906K, committed 2048K, reserved 1048576K
}
Event: 9.015 GC heap after
{Heap after GC invocations=4 (full 0):
 garbage-first heap   total 122880K, used 16927K [0x0000000089c00000, 0x0000000100000000)
  region size 1024K, 4 young (4096K), 4 survivors (4096K)
 Metaspace       used 16522K, committed 16768K, reserved 1114112K
  class space    used 1906K, committed 2048K, reserved 1048576K
}
Event: 10.501 GC heap before
{Heap before GC invocations=4 (full 0):
 garbage-first heap   total 122880K, used 86559K [0x0000000089c00000, 0x0000000100000000)
  region size 1024K, 72 young (73728K), 4 survivors (4096K)
 Metaspace       used 16933K, committed 17152K, reserved 1114112K
  class space    used 1917K, committed 2048K, reserved 1048576K
}
Event: 10.514 GC heap after
{Heap after GC invocations=5 (full 0):
 garbage-first heap   total 122880K, used 18975K [0x0000000089c00000, 0x0000000100000000)
  region size 1024K, 6 young (6144K), 6 survivors (6144K)
 Metaspace       used 16933K, committed 17152K, reserved 1114112K
  class space    used 1917K, committed 2048K, reserved 1048576K
}
Event: 14.956 GC heap before
{Heap before GC invocations=5 (full 0):
 garbage-first heap   total 122880K, used 78367K [0x0000000089c00000, 0x0000000100000000)
  region size 1024K, 60 young (61440K), 6 survivors (6144K)
 Metaspace       used 21229K, committed 21504K, reserved 1114112K
  class space    used 2404K, committed 2560K, reserved 1048576K
}
Event: 14.992 GC heap after
{Heap after GC invocations=6 (full 0):
 garbage-first heap   total 122880K, used 28662K [0x0000000089c00000, 0x0000000100000000)
  region size 1024K, 8 young (8192K), 8 survivors (8192K)
 Metaspace       used 21229K, committed 21504K, reserved 1114112K
  class space    used 2404K, committed 2560K, reserved 1048576K
}
Event: 17.304 GC heap before
{Heap before GC invocations=7 (full 0):
 garbage-first heap   total 99328K, used 81910K [0x0000000089c00000, 0x0000000100000000)
  region size 1024K, 58 young (59392K), 8 survivors (8192K)
 Metaspace       used 26553K, committed 26816K, reserved 1114112K
  class space    used 3038K, committed 3136K, reserved 1048576K
}
Event: 17.361 GC heap after
{Heap after GC invocations=8 (full 0):
 garbage-first heap   total 107520K, used 45346K [0x0000000089c00000, 0x0000000100000000)
  region size 1024K, 8 young (8192K), 8 survivors (8192K)
 Metaspace       used 26553K, committed 26816K, reserved 1114112K
  class space    used 3038K, committed 3136K, reserved 1048576K
}
Event: 17.373 GC heap before
{Heap before GC invocations=8 (full 0):
 garbage-first heap   total 107520K, used 46370K [0x0000000089c00000, 0x0000000100000000)
  region size 1024K, 9 young (9216K), 8 survivors (8192K)
 Metaspace       used 26566K, committed 26816K, reserved 1114112K
  class space    used 3039K, committed 3136K, reserved 1048576K
}
Event: 17.402 GC heap after
{Heap after GC invocations=9 (full 0):
 garbage-first heap   total 107520K, used 46582K [0x0000000089c00000, 0x0000000100000000)
  region size 1024K, 1 young (1024K), 1 survivors (1024K)
 Metaspace       used 26566K, committed 26816K, reserved 1114112K
  class space    used 3039K, committed 3136K, reserved 1048576K
}
Event: 18.832 GC heap before
{Heap before GC invocations=9 (full 0):
 garbage-first heap   total 107520K, used 77302K [0x0000000089c00000, 0x0000000100000000)
  region size 1024K, 31 young (31744K), 1 survivors (1024K)
 Metaspace       used 28085K, committed 28416K, reserved 1114112K
  class space    used 3162K, committed 3328K, reserved 1048576K
}
Event: 18.853 GC heap after
{Heap after GC invocations=10 (full 0):
 garbage-first heap   total 259072K, used 50678K [0x0000000089c00000, 0x0000000100000000)
  region size 1024K, 4 young (4096K), 4 survivors (4096K)
 Metaspace       used 28085K, committed 28416K, reserved 1114112K
  class space    used 3162K, committed 3328K, reserved 1048576K
}
Event: 26.687 GC heap before
{Heap before GC invocations=10 (full 0):
 garbage-first heap   total 259072K, used 174582K [0x0000000089c00000, 0x0000000100000000)
  region size 1024K, 121 young (123904K), 4 survivors (4096K)
 Metaspace       used 31776K, committed 32128K, reserved 1114112K
  class space    used 3595K, committed 3776K, reserved 1048576K
}
Event: 26.713 GC heap after
{Heap after GC invocations=11 (full 0):
 garbage-first heap   total 259072K, used 68310K [0x0000000089c00000, 0x0000000100000000)
  region size 1024K, 16 young (16384K), 16 survivors (16384K)
 Metaspace       used 31776K, committed 32128K, reserved 1114112K
  class space    used 3595K, committed 3776K, reserved 1048576K
}
Event: 32.819 GC heap before
{Heap before GC invocations=11 (full 0):
 garbage-first heap   total 259072K, used 176854K [0x0000000089c00000, 0x0000000100000000)
  region size 1024K, 123 young (125952K), 16 survivors (16384K)
 Metaspace       used 35894K, committed 36288K, reserved 1114112K
  class space    used 4040K, committed 4224K, reserved 1048576K
}
Event: 32.836 GC heap after
{Heap after GC invocations=12 (full 0):
 garbage-first heap   total 259072K, used 71041K [0x0000000089c00000, 0x0000000100000000)
  region size 1024K, 8 young (8192K), 8 survivors (8192K)
 Metaspace       used 35894K, committed 36288K, reserved 1114112K
  class space    used 4040K, committed 4224K, reserved 1048576K
}

